<?xml version="1.0" encoding="UTF-8"?>
<testsuite name="DemoTest" tests="2" skipped="0" failures="0" errors="0" timestamp="2024-09-09T16:56:21" hostname="ip-172-31-54-70.ec2.internal" time="0.023">
  <properties/>
  <testcase name="testmain_1" classname="DemoTest" time="0.02"/>
  <testcase name="testisTriangle_1" classname="DemoTest" time="0.001"/>
  <system-out><![CDATA[]]></system-out>
  <system-err><![CDATA[]]></system-err>
</testsuite>
